<?xml version="1.0" encoding="UTF-8"?>
<!-- Generated by org.testng.reporters.JUnitReportReporter -->
<testsuite skipped="0" hostname="LAPTOP-BLC6M0IT" name="genric.Utility" tests="1" failures="0" timestamp="02 Oct 2018 15:34:30 GMT" time="0.031" errors="0">
  <testcase name="test" time="0.031" classname="genric.Utility"/>
</testsuite> <!-- genric.Utility -->
