<?xml version="1.0" encoding="UTF-8"?>
<!-- Generated by org.testng.reporters.JUnitReportReporter -->
<testsuite skipped="0" hostname="LAPTOP-1C7E9GHN" name="testcases.TC_01" tests="1" failures="0" timestamp="06 Oct 2018 08:50:17 GMT" time="0.031" errors="0">
  <testcase name="testa" time="0.031" classname="testcases.TC_01"/>
</testsuite> <!-- testcases.TC_01 -->
